-------------------------------------------------------------------------------
Test set: com.bank.account.models.AccountTest
-------------------------------------------------------------------------------
Tests run: 15, Failures: 1, Errors: 0, Skipped: 0, Time elapsed: 0.04 sec <<< FAILURE!
com.bank.account.models.AccountTest.testTransferFailureValueZero()  Time elapsed: 0.013 sec  <<< FAILURE!
java.lang.IllegalArgumentException: Number must be 6 digits
	at com.bank.account.models.Account.<init>(Account.java:12)
	at com.bank.account.models.AccountTest.testTransferFailureValueZero(AccountTest.java:59)

