<?xml version="1.0" encoding="UTF-8"?>
<testsuite xmlns:xsi="http://www.w3.org/2001/XMLSchema-instance" xsi:noNamespaceSchemaLocation="https://maven.apache.org/surefire/maven-surefire-plugin/xsd/surefire-test-report.xsd" name="br.com.andre.blog.post.models.PostTest" time="0.002" tests="7" errors="0" skipped="0" failures="0">
  <properties>
[...]
</properties>
  <testcase name="testCreatePostAuthorsThrowsException" classname="br.com.andre.blog.post.models.PostTest" time="0"/>
  <testcase name="testChangePostStatusWithSuccess" classname="br.com.andre.blog.post.models.PostTest" time="0"/>
  <testcase name="testDefaultPostStatusCreatedWithSuccess" classname="br.com.andre.blog.post.models.PostTest" time="0"/>
  <testcase name="testPostToStringWithSuccess" classname="br.com.andre.blog.post.models.PostTest" time="0"/>
  <testcase name="testPostWithSuccess" classname="br.com.andre.blog.post.models.PostTest" time="0"/>
  <testcase name="testCreatePostTitleThrowsException" classname="br.com.andre.blog.post.models.PostTest" time="0.001"/>
  <testcase name="testCreatePostContentThrowsException" classname="br.com.andre.blog.post.models.PostTest" time="0"/>
</testsuite>