<?xml version="1.0" encoding="UTF-8" ?>
<testsuite tests="15" failures="0" name="com.bank.model.AccountTest" time="0.093" errors="0" skipped="0">
  <properties>
[...]
</properties>
  <testcase classname="com.bank.model.AccountTest" name="com.bank.model.AccountTest.testAccountSuccessNumberWith6Digits" time="0.005"/>
  <testcase classname="com.bank.model.AccountTest" name="com.bank.model.AccountTest.testAccountFailureNumberEmptyOrNull" time="0.006"/>
  <testcase classname="com.bank.model.AccountTest" name="com.bank.model.AccountTest.testAccountFailureBalanceNull" time="0"/>
  <testcase classname="com.bank.model.AccountTest" name="com.bank.model.AccountTest.testAccountFailureNumberLess6Digits" time="0.001"/>
  <testcase classname="com.bank.model.AccountTest" name="com.bank.model.AccountTest.testAccountFailureNumberMore6Digits" time="0.001"/>
  <testcase classname="com.bank.model.AccountTest" name="com.bank.model.AccountTest.testAccountBalanceLessZero" time="0.001"/>
  <testcase classname="com.bank.model.AccountTest" name="com.bank.model.AccountTest.testDepositSuccess" time="0.001"/>
  <testcase classname="com.bank.model.AccountTest" name="com.bank.model.AccountTest.testDepositFailureValueZero" time="0.002"/>
  <testcase classname="com.bank.model.AccountTest" name="com.bank.model.AccountTest.testDepositFailureNegativeValue" time="0.001"/>
  <testcase classname="com.bank.model.AccountTest" name="com.bank.model.AccountTest.testWithdrawSuccess" time="0"/>
  <testcase classname="com.bank.model.AccountTest" name="com.bank.model.AccountTest.testWithdrawFailureValueZero" time="0.001"/>
  <testcase classname="com.bank.model.AccountTest" name="com.bank.model.AccountTest.testWithdrawFailureNegativeValue" time="0.001"/>
  <testcase classname="com.bank.model.AccountTest" name="com.bank.model.AccountTest.testWithdrawFailureUnderLimit" time="0.001"/>
  <testcase classname="com.bank.model.AccountTest" name="com.bank.model.AccountTest.testAccountToStringSuccess" time="0.072"/>
  <testcase classname="com.bank.model.AccountTest" name="com.bank.model.AccountTest.testAccountSuccess" time="0"/>
</testsuite>